<?xml version="1.0" encoding="UTF-8"?>
<testng-results ignored="0" total="1" passed="1" failed="0" skipped="0">
  <reporter-output>
  </reporter-output>
  <suite started-at="2023-11-02T21:21:50 IST" name="Default suite" finished-at="2023-11-02T21:22:21 IST" duration-ms="31064">
    <groups>
    </groups>
    <test started-at="2023-11-02T21:21:50 IST" name="Default test" finished-at="2023-11-02T21:22:21 IST" duration-ms="31064">
      <class name="orange.HRM">
        <test-method is-config="true" signature="launchbrowser()[pri:0, instance:orange.HRM@a2431d0]" started-at="2023-11-02T21:21:50 IST" name="launchbrowser" finished-at="2023-11-02T21:21:58 IST" duration-ms="8313" status="PASS">
          <reporter-output>
          </reporter-output>
        </test-method> <!-- launchbrowser -->
        <test-method signature="loginandAddemployee()[pri:0, instance:orange.HRM@a2431d0]" started-at="2023-11-02T21:21:58 IST" name="loginandAddemployee" finished-at="2023-11-02T21:22:20 IST" duration-ms="21846" status="PASS">
          <reporter-output>
          </reporter-output>
        </test-method> <!-- loginandAddemployee -->
        <test-method is-config="true" signature="quit()[pri:0, instance:orange.HRM@a2431d0]" started-at="2023-11-02T21:22:20 IST" name="quit" finished-at="2023-11-02T21:22:21 IST" duration-ms="864" status="PASS">
          <reporter-output>
          </reporter-output>
        </test-method> <!-- quit -->
      </class> <!-- orange.HRM -->
    </test> <!-- Default test -->
  </suite> <!-- Default suite -->
</testng-results>
